<?xml version="1.0" encoding="UTF-8"?>
<testsuite name="gremlins.WizardTest" tests="9" skipped="0" failures="0" errors="0" timestamp="2022-10-28T11:36:35" hostname="NIYANAS-DELL" time="0.058">
  <properties/>
  <testcase name="LeftMovement()" classname="gremlins.WizardTest" time="0.018"/>
  <testcase name="collideNoNmore()" classname="gremlins.WizardTest" time="0.002"/>
  <testcase name="shootFireball()" classname="gremlins.WizardTest" time="0.005"/>
  <testcase name="shootFreezeball()" classname="gremlins.WizardTest" time="0.002"/>
  <testcase name="DownMovement()" classname="gremlins.WizardTest" time="0.001"/>
  <testcase name="RightMovement()" classname="gremlins.WizardTest" time="0.001"/>
  <testcase name="powerUp()" classname="gremlins.WizardTest" time="0.013"/>
  <testcase name="UpMovement()" classname="gremlins.WizardTest" time="0.0"/>
  <testcase name="powerUpWhileMoving()" classname="gremlins.WizardTest" time="0.009"/>
  <system-out><![CDATA[]]></system-out>
  <system-err><![CDATA[java.util.ConcurrentModificationException
	at java.util.ArrayList$Itr.checkForComodification(ArrayList.java:911)
	at java.util.ArrayList$Itr.next(ArrayList.java:861)
	at gremlins.App.tickdraw(App.java:302)
	at gremlins.App.draw(App.java:179)
	at processing.core.PApplet.handleDraw(PApplet.java:2426)
	at processing.awt.PSurfaceAWT$12.callDraw(PSurfaceAWT.java:1557)
	at processing.core.PSurfaceNone$AnimationThread.run(PSurfaceNone.java:316)
]]></system-err>
</testsuite>
