<?xml version="1.0" encoding="UTF-8"?>
<testsuite name="gremlins.AppTest" tests="1" skipped="0" failures="0" errors="0" timestamp="2022-10-28T11:36:35" hostname="NIYANAS-DELL" time="0.708">
  <properties/>
  <testcase name="testForFree()" classname="gremlins.AppTest" time="0.708"/>
  <system-out><![CDATA[]]></system-out>
  <system-err><![CDATA[java.lang.NullPointerException
	at gremlins.App.tickdraw(App.java:264)
	at gremlins.App.draw(App.java:179)
	at processing.core.PApplet.handleDraw(PApplet.java:2426)
	at processing.awt.PSurfaceAWT$12.callDraw(PSurfaceAWT.java:1557)
	at processing.core.PSurfaceNone$AnimationThread.run(PSurfaceNone.java:316)
]]></system-err>
</testsuite>
