<?xml version="1.0" encoding="UTF-8"?>
<testsuite name="gremlins.ConfigTest" tests="4" skipped="0" failures="0" errors="0" timestamp="2022-10-28T11:36:36" hostname="NIYANAS-DELL" time="0.013">
  <properties/>
  <testcase name="numberofWizCoolDown()" classname="gremlins.ConfigTest" time="0.003"/>
  <testcase name="configFileNotNull()" classname="gremlins.ConfigTest" time="0.001"/>
  <testcase name="numberofMap()" classname="gremlins.ConfigTest" time="0.005"/>
  <testcase name="numberoGremCooldown()" classname="gremlins.ConfigTest" time="0.001"/>
  <system-out><![CDATA[]]></system-out>
  <system-err><![CDATA[]]></system-err>
</testsuite>
